<?xml version="1.0" encoding="UTF-8"?>
<!-- Generated by org.testng.reporters.JUnitReportReporter -->
<testsuite hostname="AGEHEMN55N" failures="0" tests="1" name="com.w2e.testcase.LoginTest" time="1.137" errors="0" timestamp="2022-02-03T18:17:35 IST" skipped="0">
  <testcase classname="com.w2e.testcase.LoginTest" name="loginAsBankManager" time="1.137"/>
  <system-out/>
</testsuite> <!-- com.w2e.testcase.LoginTest -->
