<?xml version="1.0" encoding="UTF-8"?>
<!-- Generated by org.testng.reporters.JUnitReportReporter -->
<testsuite hostname="AGEHEMN55N" failures="0" tests="1" name="com.w2e.testcase.BankManagerLoginTest" time="0.832" errors="0" timestamp="2022-02-03T23:14:37 IST" skipped="0">
  <testcase classname="com.w2e.testcase.BankManagerLoginTest" name="loginAsBankManager" time="0.832"/>
  <system-out/>
</testsuite> <!-- com.w2e.testcase.BankManagerLoginTest -->
