<?xml version="1.0" encoding="UTF-8"?>
<!-- Generated by org.testng.reporters.JUnitReportReporter -->
<testsuite hostname="AGEHEMN55N" failures="0" tests="1" name="MyAutomation.TC1_GIM_Login" time="8.118" errors="0" timestamp="2022-01-27T22:24:49 IST" skipped="0">
  <testcase classname="MyAutomation.TC1_GIM_Login" name="TC1_Login" time="8.118"/>
  <system-out/>
</testsuite> <!-- MyAutomation.TC1_GIM_Login -->
