<?xml version="1.0" encoding="UTF-8"?>
<!-- Generated by org.testng.reporters.JUnitReportReporter -->
<testsuite hostname="AGEHEMN55N" failures="0" tests="1" name="MyAutomation.StaticDropDown" time="5.419" errors="0" timestamp="2022-02-25T16:31:35 IST" skipped="0">
  <testcase classname="MyAutomation.StaticDropDown" name="DropdownTest" time="5.419"/>
  <system-out/>
</testsuite> <!-- MyAutomation.StaticDropDown -->
